{"name": "test_diymark", "status": "failed", "statusDetails": {"message": "AssertionError: assert 0", "trace": "self = <case.login_box.test_mark.TestMarks object at 0x0000017085654668>\n\n    @pytest.mark.slow1\n    def test_diymark(self):\n        '''\n        测试自定义的标签\n        :return:\n        '''\n>       assert 0\nE       assert 0\n\ncase\\login_box\\test_mark.py:42: AssertionError"}, "description": "\n        测试自定义的标签\n        :return:\n        ", "start": 1610594035157, "stop": 1610594035157, "uuid": "2cb39b2f-d5eb-4ea9-a9e7-286d416fc73e", "historyId": "65e86daf9a8fd8db5626c79c80c0074d", "testCaseId": "a40652fb224adc7433186b087386e0ca", "fullName": "case.login_box.test_mark.TestMarks#test_diymark", "labels": [{"name": "tag", "value": "slow1"}, {"name": "parentSuite", "value": "case.login_box"}, {"name": "suite", "value": "test_mark"}, {"name": "subSuite", "value": "TestMarks"}, {"name": "host", "value": "DESKTOP-BSEPO77"}, {"name": "thread", "value": "124912-MainThread"}, {"name": "framework", "value": "pytest"}, {"name": "language", "value": "cpython3"}, {"name": "package", "value": "case.login_box.test_mark"}]}